C:\Program Files (x86)\Microsoft Visual Studio\2019\Community\MSBuild\Microsoft\VC\v160\Microsoft.CppBuild.targets(491,5): warning MSB8028: The intermediate directory (x64\Debug\) contains files shared from another project (ImGui DirectX 11 Kiero Hook.vcxproj).  This can lead to incorrect clean and rebuild behavior.
  Hack.cpp
C:\Program Files (x86)\Microsoft DirectX SDK (June 2010)\Include\dxgitype.h(12,1): warning C4005: 'DXGI_STATUS_OCCLUDED': macro redefinition
C:\Program Files (x86)\Windows Kits\10\Include\10.0.18362.0\shared\winerror.h(55840): message : see previous definition of 'DXGI_STATUS_OCCLUDED'
C:\Program Files (x86)\Microsoft DirectX SDK (June 2010)\Include\dxgitype.h(13,1): warning C4005: 'DXGI_STATUS_CLIPPED': macro redefinition
C:\Program Files (x86)\Windows Kits\10\Include\10.0.18362.0\shared\winerror.h(55849): message : see previous definition of 'DXGI_STATUS_CLIPPED'
C:\Program Files (x86)\Microsoft DirectX SDK (June 2010)\Include\dxgitype.h(14,1): warning C4005: 'DXGI_STATUS_NO_REDIRECTION': macro redefinition
C:\Program Files (x86)\Windows Kits\10\Include\10.0.18362.0\shared\winerror.h(55858): message : see previous definition of 'DXGI_STATUS_NO_REDIRECTION'
C:\Program Files (x86)\Microsoft DirectX SDK (June 2010)\Include\dxgitype.h(15,1): warning C4005: 'DXGI_STATUS_NO_DESKTOP_ACCESS': macro redefinition
C:\Program Files (x86)\Windows Kits\10\Include\10.0.18362.0\shared\winerror.h(55867): message : see previous definition of 'DXGI_STATUS_NO_DESKTOP_ACCESS'
C:\Program Files (x86)\Microsoft DirectX SDK (June 2010)\Include\dxgitype.h(16,1): warning C4005: 'DXGI_STATUS_GRAPHICS_VIDPN_SOURCE_IN_USE': macro redefinition
C:\Program Files (x86)\Windows Kits\10\Include\10.0.18362.0\shared\winerror.h(55876): message : see previous definition of 'DXGI_STATUS_GRAPHICS_VIDPN_SOURCE_IN_USE'
C:\Program Files (x86)\Microsoft DirectX SDK (June 2010)\Include\dxgitype.h(17,1): warning C4005: 'DXGI_STATUS_MODE_CHANGED': macro redefinition
C:\Program Files (x86)\Windows Kits\10\Include\10.0.18362.0\shared\winerror.h(55885): message : see previous definition of 'DXGI_STATUS_MODE_CHANGED'
C:\Program Files (x86)\Microsoft DirectX SDK (June 2010)\Include\dxgitype.h(18,1): warning C4005: 'DXGI_STATUS_MODE_CHANGE_IN_PROGRESS': macro redefinition
C:\Program Files (x86)\Windows Kits\10\Include\10.0.18362.0\shared\winerror.h(55894): message : see previous definition of 'DXGI_STATUS_MODE_CHANGE_IN_PROGRESS'
C:\Program Files (x86)\Microsoft DirectX SDK (June 2010)\Include\dxgitype.h(21,1): warning C4005: 'DXGI_ERROR_INVALID_CALL': macro redefinition
C:\Program Files (x86)\Windows Kits\10\Include\10.0.18362.0\shared\winerror.h(55909): message : see previous definition of 'DXGI_ERROR_INVALID_CALL'
C:\Program Files (x86)\Microsoft DirectX SDK (June 2010)\Include\dxgitype.h(22,1): warning C4005: 'DXGI_ERROR_NOT_FOUND': macro redefinition
C:\Program Files (x86)\Windows Kits\10\Include\10.0.18362.0\shared\winerror.h(55918): message : see previous definition of 'DXGI_ERROR_NOT_FOUND'
C:\Program Files (x86)\Microsoft DirectX SDK (June 2010)\Include\dxgitype.h(23,1): warning C4005: 'DXGI_ERROR_MORE_DATA': macro redefinition
C:\Program Files (x86)\Windows Kits\10\Include\10.0.18362.0\shared\winerror.h(55927): message : see previous definition of 'DXGI_ERROR_MORE_DATA'
C:\Program Files (x86)\Microsoft DirectX SDK (June 2010)\Include\dxgitype.h(24,1): warning C4005: 'DXGI_ERROR_UNSUPPORTED': macro redefinition
C:\Program Files (x86)\Windows Kits\10\Include\10.0.18362.0\shared\winerror.h(55936): message : see previous definition of 'DXGI_ERROR_UNSUPPORTED'
C:\Program Files (x86)\Microsoft DirectX SDK (June 2010)\Include\dxgitype.h(25,1): warning C4005: 'DXGI_ERROR_DEVICE_REMOVED': macro redefinition
C:\Program Files (x86)\Windows Kits\10\Include\10.0.18362.0\shared\winerror.h(55945): message : see previous definition of 'DXGI_ERROR_DEVICE_REMOVED'
C:\Program Files (x86)\Microsoft DirectX SDK (June 2010)\Include\dxgitype.h(26,1): warning C4005: 'DXGI_ERROR_DEVICE_HUNG': macro redefinition
C:\Program Files (x86)\Windows Kits\10\Include\10.0.18362.0\shared\winerror.h(55954): message : see previous definition of 'DXGI_ERROR_DEVICE_HUNG'
C:\Program Files (x86)\Microsoft DirectX SDK (June 2010)\Include\dxgitype.h(27,1): warning C4005: 'DXGI_ERROR_DEVICE_RESET': macro redefinition
C:\Program Files (x86)\Windows Kits\10\Include\10.0.18362.0\shared\winerror.h(55964): message : see previous definition of 'DXGI_ERROR_DEVICE_RESET'
C:\Program Files (x86)\Microsoft DirectX SDK (June 2010)\Include\dxgitype.h(28,1): warning C4005: 'DXGI_ERROR_WAS_STILL_DRAWING': macro redefinition
C:\Program Files (x86)\Windows Kits\10\Include\10.0.18362.0\shared\winerror.h(55973): message : see previous definition of 'DXGI_ERROR_WAS_STILL_DRAWING'
C:\Program Files (x86)\Microsoft DirectX SDK (June 2010)\Include\dxgitype.h(29,1): warning C4005: 'DXGI_ERROR_FRAME_STATISTICS_DISJOINT': macro redefinition
C:\Program Files (x86)\Windows Kits\10\Include\10.0.18362.0\shared\winerror.h(55983): message : see previous definition of 'DXGI_ERROR_FRAME_STATISTICS_DISJOINT'
C:\Program Files (x86)\Microsoft DirectX SDK (June 2010)\Include\dxgitype.h(30,1): warning C4005: 'DXGI_ERROR_GRAPHICS_VIDPN_SOURCE_IN_USE': macro redefinition
C:\Program Files (x86)\Windows Kits\10\Include\10.0.18362.0\shared\winerror.h(55992): message : see previous definition of 'DXGI_ERROR_GRAPHICS_VIDPN_SOURCE_IN_USE'
C:\Program Files (x86)\Microsoft DirectX SDK (June 2010)\Include\dxgitype.h(31,1): warning C4005: 'DXGI_ERROR_DRIVER_INTERNAL_ERROR': macro redefinition
C:\Program Files (x86)\Windows Kits\10\Include\10.0.18362.0\shared\winerror.h(56002): message : see previous definition of 'DXGI_ERROR_DRIVER_INTERNAL_ERROR'
C:\Program Files (x86)\Microsoft DirectX SDK (June 2010)\Include\dxgitype.h(32,1): warning C4005: 'DXGI_ERROR_NONEXCLUSIVE': macro redefinition
C:\Program Files (x86)\Windows Kits\10\Include\10.0.18362.0\shared\winerror.h(56011): message : see previous definition of 'DXGI_ERROR_NONEXCLUSIVE'
C:\Program Files (x86)\Microsoft DirectX SDK (June 2010)\Include\dxgitype.h(33,1): warning C4005: 'DXGI_ERROR_NOT_CURRENTLY_AVAILABLE': macro redefinition
C:\Program Files (x86)\Windows Kits\10\Include\10.0.18362.0\shared\winerror.h(56020): message : see previous definition of 'DXGI_ERROR_NOT_CURRENTLY_AVAILABLE'
C:\Program Files (x86)\Microsoft DirectX SDK (June 2010)\Include\dxgitype.h(34,1): warning C4005: 'DXGI_ERROR_REMOTE_CLIENT_DISCONNECTED': macro redefinition
C:\Program Files (x86)\Windows Kits\10\Include\10.0.18362.0\shared\winerror.h(56030): message : see previous definition of 'DXGI_ERROR_REMOTE_CLIENT_DISCONNECTED'
C:\Program Files (x86)\Microsoft DirectX SDK (June 2010)\Include\dxgitype.h(35,1): warning C4005: 'DXGI_ERROR_REMOTE_OUTOFMEMORY': macro redefinition
C:\Program Files (x86)\Windows Kits\10\Include\10.0.18362.0\shared\winerror.h(56039): message : see previous definition of 'DXGI_ERROR_REMOTE_OUTOFMEMORY'
C:\Program Files (x86)\Microsoft DirectX SDK (June 2010)\Include\d3d11.h(917,1): warning C4005: 'D3D11_ERROR_TOO_MANY_UNIQUE_STATE_OBJECTS': macro redefinition
C:\Program Files (x86)\Windows Kits\10\Include\10.0.18362.0\shared\winerror.h(56303): message : see previous definition of 'D3D11_ERROR_TOO_MANY_UNIQUE_STATE_OBJECTS'
C:\Program Files (x86)\Microsoft DirectX SDK (June 2010)\Include\d3d11.h(918,1): warning C4005: 'D3D11_ERROR_FILE_NOT_FOUND': macro redefinition
C:\Program Files (x86)\Windows Kits\10\Include\10.0.18362.0\shared\winerror.h(56312): message : see previous definition of 'D3D11_ERROR_FILE_NOT_FOUND'
C:\Program Files (x86)\Microsoft DirectX SDK (June 2010)\Include\d3d11.h(919,1): warning C4005: 'D3D11_ERROR_TOO_MANY_UNIQUE_VIEW_OBJECTS': macro redefinition
C:\Program Files (x86)\Windows Kits\10\Include\10.0.18362.0\shared\winerror.h(56322): message : see previous definition of 'D3D11_ERROR_TOO_MANY_UNIQUE_VIEW_OBJECTS'
C:\Program Files (x86)\Microsoft DirectX SDK (June 2010)\Include\d3d11.h(920,1): warning C4005: 'D3D11_ERROR_DEFERRED_CONTEXT_MAP_WITHOUT_INITIAL_DISCARD': macro redefinition
C:\Program Files (x86)\Windows Kits\10\Include\10.0.18362.0\shared\winerror.h(56331): message : see previous definition of 'D3D11_ERROR_DEFERRED_CONTEXT_MAP_WITHOUT_INITIAL_DISCARD'
C:\Program Files (x86)\Microsoft DirectX SDK (June 2010)\Include\d3d10.h(608,1): warning C4005: 'D3D10_ERROR_TOO_MANY_UNIQUE_STATE_OBJECTS': macro redefinition
C:\Program Files (x86)\Windows Kits\10\Include\10.0.18362.0\shared\winerror.h(56279): message : see previous definition of 'D3D10_ERROR_TOO_MANY_UNIQUE_STATE_OBJECTS'
C:\Program Files (x86)\Microsoft DirectX SDK (June 2010)\Include\d3d10.h(609,1): warning C4005: 'D3D10_ERROR_FILE_NOT_FOUND': macro redefinition
C:\Program Files (x86)\Windows Kits\10\Include\10.0.18362.0\shared\winerror.h(56288): message : see previous definition of 'D3D10_ERROR_FILE_NOT_FOUND'
C:\Users\notpo\source\repos\TheDivisionTridentV2\TheDivisionTridentV2\Hack.cpp(228,79): warning C4244: 'argument': conversion from 'float' to 'int', possible loss of data
C:\Users\notpo\source\repos\TheDivisionTridentV2\TheDivisionTridentV2\Hack.cpp(228,65): warning C4244: 'argument': conversion from 'float' to 'int', possible loss of data
C:\Users\notpo\source\repos\TheDivisionTridentV2\TheDivisionTridentV2\Hack.cpp(229,107): warning C4244: 'argument': conversion from 'float' to 'int', possible loss of data
C:\Users\notpo\source\repos\TheDivisionTridentV2\TheDivisionTridentV2\Hack.cpp(229,93): warning C4244: 'argument': conversion from 'float' to 'int', possible loss of data
C:\Users\notpo\source\repos\TheDivisionTridentV2\TheDivisionTridentV2\Hack.cpp(238,104): warning C4244: 'argument': conversion from 'float' to 'ImDrawCornerFlags', possible loss of data
C:\Users\notpo\source\repos\TheDivisionTridentV2\TheDivisionTridentV2\Hack.cpp(318,73): warning C4244: 'argument': conversion from 'float' to 'int', possible loss of data
C:\Users\notpo\source\repos\TheDivisionTridentV2\TheDivisionTridentV2\Hack.cpp(318,59): warning C4244: 'argument': conversion from 'float' to 'int', possible loss of data
C:\Users\notpo\source\repos\TheDivisionTridentV2\TheDivisionTridentV2\Hack.cpp(319,79): warning C4244: 'argument': conversion from 'float' to 'int', possible loss of data
C:\Users\notpo\source\repos\TheDivisionTridentV2\TheDivisionTridentV2\Hack.cpp(319,65): warning C4244: 'argument': conversion from 'float' to 'int', possible loss of data
C:\Users\notpo\source\repos\TheDivisionTridentV2\TheDivisionTridentV2\Hack.cpp(320,87): warning C4244: 'argument': conversion from 'float' to 'int', possible loss of data
C:\Users\notpo\source\repos\TheDivisionTridentV2\TheDivisionTridentV2\Hack.cpp(320,73): warning C4244: 'argument': conversion from 'float' to 'int', possible loss of data
C:\Users\notpo\source\repos\TheDivisionTridentV2\TheDivisionTridentV2\Hack.cpp(321,89): warning C4244: 'argument': conversion from 'float' to 'int', possible loss of data
C:\Users\notpo\source\repos\TheDivisionTridentV2\TheDivisionTridentV2\Hack.cpp(321,75): warning C4244: 'argument': conversion from 'float' to 'int', possible loss of data
C:\Users\notpo\source\repos\TheDivisionTridentV2\TheDivisionTridentV2\Hack.cpp(322,109): warning C4244: 'argument': conversion from 'float' to 'int', possible loss of data
C:\Users\notpo\source\repos\TheDivisionTridentV2\TheDivisionTridentV2\Hack.cpp(322,95): warning C4244: 'argument': conversion from 'float' to 'int', possible loss of data
C:\Users\notpo\source\repos\TheDivisionTridentV2\TheDivisionTridentV2\Hack.cpp(324,13): warning C4244: 'initializing': conversion from 'FLOAT' to 'int', possible loss of data
C:\Users\notpo\source\repos\TheDivisionTridentV2\TheDivisionTridentV2\Hack.cpp(332,15): warning C4244: 'initializing': conversion from 'float' to 'int', possible loss of data
C:\Users\notpo\source\repos\TheDivisionTridentV2\TheDivisionTridentV2\Hack.cpp(365,73): warning C4244: 'argument': conversion from 'float' to 'int', possible loss of data
C:\Users\notpo\source\repos\TheDivisionTridentV2\TheDivisionTridentV2\Hack.cpp(365,59): warning C4244: 'argument': conversion from 'float' to 'int', possible loss of data
C:\Users\notpo\source\repos\TheDivisionTridentV2\TheDivisionTridentV2\Hack.cpp(366,79): warning C4244: 'argument': conversion from 'float' to 'int', possible loss of data
C:\Users\notpo\source\repos\TheDivisionTridentV2\TheDivisionTridentV2\Hack.cpp(366,65): warning C4244: 'argument': conversion from 'float' to 'int', possible loss of data
C:\Users\notpo\source\repos\TheDivisionTridentV2\TheDivisionTridentV2\Hack.cpp(367,87): warning C4244: 'argument': conversion from 'float' to 'int', possible loss of data
C:\Users\notpo\source\repos\TheDivisionTridentV2\TheDivisionTridentV2\Hack.cpp(367,73): warning C4244: 'argument': conversion from 'float' to 'int', possible loss of data
C:\Users\notpo\source\repos\TheDivisionTridentV2\TheDivisionTridentV2\Hack.cpp(368,89): warning C4244: 'argument': conversion from 'float' to 'int', possible loss of data
C:\Users\notpo\source\repos\TheDivisionTridentV2\TheDivisionTridentV2\Hack.cpp(368,75): warning C4244: 'argument': conversion from 'float' to 'int', possible loss of data
C:\Users\notpo\source\repos\TheDivisionTridentV2\TheDivisionTridentV2\Hack.cpp(369,109): warning C4244: 'argument': conversion from 'float' to 'int', possible loss of data
C:\Users\notpo\source\repos\TheDivisionTridentV2\TheDivisionTridentV2\Hack.cpp(369,95): warning C4244: 'argument': conversion from 'float' to 'int', possible loss of data
C:\Users\notpo\source\repos\TheDivisionTridentV2\TheDivisionTridentV2\Hack.cpp(371,15): warning C4244: 'initializing': conversion from 'float' to 'int', possible loss of data
C:\Users\notpo\source\repos\TheDivisionTridentV2\TheDivisionTridentV2\Hack.cpp(434,111): warning C4244: 'argument': conversion from 'float' to 'int', possible loss of data
C:\Users\notpo\source\repos\TheDivisionTridentV2\TheDivisionTridentV2\Hack.cpp(434,97): warning C4244: 'argument': conversion from 'float' to 'int', possible loss of data
C:\Users\notpo\source\repos\TheDivisionTridentV2\TheDivisionTridentV2\Hack.cpp(457,111): warning C4244: 'argument': conversion from 'float' to 'int', possible loss of data
C:\Users\notpo\source\repos\TheDivisionTridentV2\TheDivisionTridentV2\Hack.cpp(457,97): warning C4244: 'argument': conversion from 'float' to 'int', possible loss of data
C:\Users\notpo\source\repos\TheDivisionTridentV2\TheDivisionTridentV2\Hack.cpp(475,77): warning C4244: 'argument': conversion from 'int' to 'float', possible loss of data
C:\Users\notpo\source\repos\TheDivisionTridentV2\TheDivisionTridentV2\Hack.cpp(626,111): warning C4244: 'argument': conversion from 'float' to 'int', possible loss of data
C:\Users\notpo\source\repos\TheDivisionTridentV2\TheDivisionTridentV2\Hack.cpp(626,97): warning C4244: 'argument': conversion from 'float' to 'int', possible loss of data
  TheDivisionTridentV2.vcxproj -> C:\Users\notpo\source\repos\TheDivisionTridentV2\x64\Debug\TheDivisionTridentV2.dll
